<?xml version="1.0" encoding="UTF-8"?>
<!-- Generated by org.testng.reporters.JUnitReportReporter -->
<testsuite hostname="LAP-TZ-0X82240" failures="0" tests="1" name="RahulShettyAcademy.tests.SubmitOrderTest" time="8.157" errors="0" timestamp="16 Sep 2023 15:29:28 GMT" skipped="0">
  <testcase classname="RahulShettyAcademy.tests.SubmitOrderTest" name="submitOrder" time="8.157"/>
</testsuite> <!-- RahulShettyAcademy.tests.SubmitOrderTest -->
