<?xml version="1.0" encoding="UTF-8"?>
<!-- Generated by org.testng.reporters.JUnitReportReporter -->
<testsuite hostname="LAP-TZ-0X82240" failures="0" tests="1" name="RahulShettyAcademy.tests.SubmitOrderTest" time="8.262" errors="0" timestamp="19 Sep 2023 06:51:27 GMT" skipped="0">
  <testcase classname="RahulShettyAcademy.tests.SubmitOrderTest" name="submitOrder" time="8.262"/>
</testsuite> <!-- RahulShettyAcademy.tests.SubmitOrderTest -->
